INFO - 2024-08-26 00:01:05 --> Session: Class initialized using 'CodeIgniter\Session\Handlers\FileHandler' driver.
INFO - 2024-08-26 00:01:07 --> Session: Class initialized using 'CodeIgniter\Session\Handlers\FileHandler' driver.
INFO - 2024-08-26 00:01:19 --> Session: Class initialized using 'CodeIgniter\Session\Handlers\FileHandler' driver.
CRITICAL - 2024-08-26 00:01:19 --> CodeIgniter\Validation\Exceptions\ValidationException: "checkBannedWords" is not a valid rule.
[Method: POST, Route: auth/register]
in SYSTEMPATH\Validation\Validation.php on line 345.
 1 SYSTEMPATH\Validation\Validation.php(345): CodeIgniter\Validation\Exceptions\ValidationException::forRuleNotFound('checkBannedWords')
 2 SYSTEMPATH\Validation\Validation.php(201): CodeIgniter\Validation\Validation->processRules('username', 'username', 'superuser', [...], [...], 'username')
 3 APPPATH\Controllers\Auth.php(105): CodeIgniter\Validation\Validation->run()
 4 SYSTEMPATH\CodeIgniter.php(933): App\Controllers\Auth->prosesregister()
 5 SYSTEMPATH\CodeIgniter.php(509): CodeIgniter\CodeIgniter->runController(Object(App\Controllers\Auth))
 6 SYSTEMPATH\CodeIgniter.php(355): CodeIgniter\CodeIgniter->handleRequest(null, Object(Config\Cache), false)
 7 SYSTEMPATH\Boot.php(325): CodeIgniter\CodeIgniter->run()
 8 SYSTEMPATH\Boot.php(67): CodeIgniter\Boot::runCodeIgniter(Object(CodeIgniter\CodeIgniter))
 9 FCPATH\index.php(56): CodeIgniter\Boot::bootWeb(Object(Config\Paths))
INFO - 2024-08-26 00:02:02 --> Session: Class initialized using 'CodeIgniter\Session\Handlers\FileHandler' driver.
INFO - 2024-08-26 00:02:07 --> Session: Class initialized using 'CodeIgniter\Session\Handlers\FileHandler' driver.
CRITICAL - 2024-08-26 00:02:07 --> CodeIgniter\Validation\Exceptions\ValidationException: "checkBannedWords" is not a valid rule.
[Method: POST, Route: auth/register]
in SYSTEMPATH\Validation\Validation.php on line 345.
 1 SYSTEMPATH\Validation\Validation.php(345): CodeIgniter\Validation\Exceptions\ValidationException::forRuleNotFound('checkBannedWords')
 2 SYSTEMPATH\Validation\Validation.php(201): CodeIgniter\Validation\Validation->processRules('username', 'username', 'superuser', [...], [...], 'username')
 3 APPPATH\Controllers\Auth.php(105): CodeIgniter\Validation\Validation->run()
 4 SYSTEMPATH\CodeIgniter.php(933): App\Controllers\Auth->prosesregister()
 5 SYSTEMPATH\CodeIgniter.php(509): CodeIgniter\CodeIgniter->runController(Object(App\Controllers\Auth))
 6 SYSTEMPATH\CodeIgniter.php(355): CodeIgniter\CodeIgniter->handleRequest(null, Object(Config\Cache), false)
 7 SYSTEMPATH\Boot.php(325): CodeIgniter\CodeIgniter->run()
 8 SYSTEMPATH\Boot.php(67): CodeIgniter\Boot::runCodeIgniter(Object(CodeIgniter\CodeIgniter))
 9 FCPATH\index.php(56): CodeIgniter\Boot::bootWeb(Object(Config\Paths))
INFO - 2024-08-26 00:02:10 --> Session: Class initialized using 'CodeIgniter\Session\Handlers\FileHandler' driver.
INFO - 2024-08-26 00:02:11 --> Session: Class initialized using 'CodeIgniter\Session\Handlers\FileHandler' driver.
INFO - 2024-08-26 00:02:27 --> Session: Class initialized using 'CodeIgniter\Session\Handlers\FileHandler' driver.
CRITICAL - 2024-08-26 00:02:27 --> CodeIgniter\Validation\Exceptions\ValidationException: "checkBannedWords" is not a valid rule.
[Method: POST, Route: auth/register]
in SYSTEMPATH\Validation\Validation.php on line 345.
 1 SYSTEMPATH\Validation\Validation.php(345): CodeIgniter\Validation\Exceptions\ValidationException::forRuleNotFound('checkBannedWords')
 2 SYSTEMPATH\Validation\Validation.php(201): CodeIgniter\Validation\Validation->processRules('username', 'username', 'superuser', [...], [...], 'username')
 3 APPPATH\Controllers\Auth.php(105): CodeIgniter\Validation\Validation->run()
 4 SYSTEMPATH\CodeIgniter.php(933): App\Controllers\Auth->prosesregister()
 5 SYSTEMPATH\CodeIgniter.php(509): CodeIgniter\CodeIgniter->runController(Object(App\Controllers\Auth))
 6 SYSTEMPATH\CodeIgniter.php(355): CodeIgniter\CodeIgniter->handleRequest(null, Object(Config\Cache), false)
 7 SYSTEMPATH\Boot.php(325): CodeIgniter\CodeIgniter->run()
 8 SYSTEMPATH\Boot.php(67): CodeIgniter\Boot::runCodeIgniter(Object(CodeIgniter\CodeIgniter))
 9 FCPATH\index.php(56): CodeIgniter\Boot::bootWeb(Object(Config\Paths))
INFO - 2024-08-26 00:03:02 --> Session: Class initialized using 'CodeIgniter\Session\Handlers\FileHandler' driver.
INFO - 2024-08-26 00:03:03 --> Session: Class initialized using 'CodeIgniter\Session\Handlers\FileHandler' driver.
INFO - 2024-08-26 00:03:11 --> Session: Class initialized using 'CodeIgniter\Session\Handlers\FileHandler' driver.
CRITICAL - 2024-08-26 00:03:11 --> CodeIgniter\Validation\Exceptions\ValidationException: "checkBannedWords" is not a valid rule.
[Method: POST, Route: auth/register]
in SYSTEMPATH\Validation\Validation.php on line 345.
 1 SYSTEMPATH\Validation\Validation.php(345): CodeIgniter\Validation\Exceptions\ValidationException::forRuleNotFound('checkBannedWords')
 2 SYSTEMPATH\Validation\Validation.php(201): CodeIgniter\Validation\Validation->processRules('username', 'username', 'superuser', [...], [...], 'username')
 3 APPPATH\Controllers\Auth.php(105): CodeIgniter\Validation\Validation->run()
 4 SYSTEMPATH\CodeIgniter.php(933): App\Controllers\Auth->prosesregister()
 5 SYSTEMPATH\CodeIgniter.php(509): CodeIgniter\CodeIgniter->runController(Object(App\Controllers\Auth))
 6 SYSTEMPATH\CodeIgniter.php(355): CodeIgniter\CodeIgniter->handleRequest(null, Object(Config\Cache), false)
 7 SYSTEMPATH\Boot.php(325): CodeIgniter\CodeIgniter->run()
 8 SYSTEMPATH\Boot.php(67): CodeIgniter\Boot::runCodeIgniter(Object(CodeIgniter\CodeIgniter))
 9 FCPATH\index.php(56): CodeIgniter\Boot::bootWeb(Object(Config\Paths))
INFO - 2024-08-26 00:03:18 --> Session: Class initialized using 'CodeIgniter\Session\Handlers\FileHandler' driver.
INFO - 2024-08-26 00:05:27 --> Session: Class initialized using 'CodeIgniter\Session\Handlers\FileHandler' driver.
INFO - 2024-08-26 00:05:35 --> Session: Class initialized using 'CodeIgniter\Session\Handlers\FileHandler' driver.
CRITICAL - 2024-08-26 00:05:35 --> CodeIgniter\Validation\Exceptions\ValidationException: "checkBannedWords" is not a valid rule.
[Method: POST, Route: auth/register]
in SYSTEMPATH\Validation\Validation.php on line 345.
 1 SYSTEMPATH\Validation\Validation.php(345): CodeIgniter\Validation\Exceptions\ValidationException::forRuleNotFound('checkBannedWords')
 2 SYSTEMPATH\Validation\Validation.php(201): CodeIgniter\Validation\Validation->processRules('username', 'username', 'superuser', [...], [...], 'username')
 3 APPPATH\Controllers\Auth.php(105): CodeIgniter\Validation\Validation->run()
 4 SYSTEMPATH\CodeIgniter.php(933): App\Controllers\Auth->prosesregister()
 5 SYSTEMPATH\CodeIgniter.php(509): CodeIgniter\CodeIgniter->runController(Object(App\Controllers\Auth))
 6 SYSTEMPATH\CodeIgniter.php(355): CodeIgniter\CodeIgniter->handleRequest(null, Object(Config\Cache), false)
 7 SYSTEMPATH\Boot.php(325): CodeIgniter\CodeIgniter->run()
 8 SYSTEMPATH\Boot.php(67): CodeIgniter\Boot::runCodeIgniter(Object(CodeIgniter\CodeIgniter))
 9 FCPATH\index.php(56): CodeIgniter\Boot::bootWeb(Object(Config\Paths))
INFO - 2024-08-26 00:05:38 --> Session: Class initialized using 'CodeIgniter\Session\Handlers\FileHandler' driver.
INFO - 2024-08-26 00:06:14 --> Session: Class initialized using 'CodeIgniter\Session\Handlers\FileHandler' driver.
INFO - 2024-08-26 00:06:22 --> Session: Class initialized using 'CodeIgniter\Session\Handlers\FileHandler' driver.
CRITICAL - 2024-08-26 00:06:22 --> CodeIgniter\Validation\Exceptions\ValidationException: "checkBannedWords" is not a valid rule.
[Method: POST, Route: auth/register]
in SYSTEMPATH\Validation\Validation.php on line 345.
 1 SYSTEMPATH\Validation\Validation.php(345): CodeIgniter\Validation\Exceptions\ValidationException::forRuleNotFound('checkBannedWords')
 2 SYSTEMPATH\Validation\Validation.php(201): CodeIgniter\Validation\Validation->processRules('username', 'username', 'superuser', [...], [...], 'username')
 3 APPPATH\Controllers\Auth.php(105): CodeIgniter\Validation\Validation->run()
 4 SYSTEMPATH\CodeIgniter.php(933): App\Controllers\Auth->prosesregister()
 5 SYSTEMPATH\CodeIgniter.php(509): CodeIgniter\CodeIgniter->runController(Object(App\Controllers\Auth))
 6 SYSTEMPATH\CodeIgniter.php(355): CodeIgniter\CodeIgniter->handleRequest(null, Object(Config\Cache), false)
 7 SYSTEMPATH\Boot.php(325): CodeIgniter\CodeIgniter->run()
 8 SYSTEMPATH\Boot.php(67): CodeIgniter\Boot::runCodeIgniter(Object(CodeIgniter\CodeIgniter))
 9 FCPATH\index.php(56): CodeIgniter\Boot::bootWeb(Object(Config\Paths))
INFO - 2024-08-26 00:19:35 --> Session: Class initialized using 'CodeIgniter\Session\Handlers\FileHandler' driver.
CRITICAL - 2024-08-26 00:19:35 --> CodeIgniter\Validation\Exceptions\ValidationException: "checkBannedWords" is not a valid rule.
[Method: POST, Route: auth/register]
in SYSTEMPATH\Validation\Validation.php on line 345.
 1 SYSTEMPATH\Validation\Validation.php(345): CodeIgniter\Validation\Exceptions\ValidationException::forRuleNotFound('checkBannedWords')
 2 SYSTEMPATH\Validation\Validation.php(201): CodeIgniter\Validation\Validation->processRules('username', 'username', 'superuser', [...], [...], 'username')
 3 APPPATH\Controllers\Auth.php(105): CodeIgniter\Validation\Validation->run()
 4 SYSTEMPATH\CodeIgniter.php(933): App\Controllers\Auth->prosesregister()
 5 SYSTEMPATH\CodeIgniter.php(509): CodeIgniter\CodeIgniter->runController(Object(App\Controllers\Auth))
 6 SYSTEMPATH\CodeIgniter.php(355): CodeIgniter\CodeIgniter->handleRequest(null, Object(Config\Cache), false)
 7 SYSTEMPATH\Boot.php(325): CodeIgniter\CodeIgniter->run()
 8 SYSTEMPATH\Boot.php(67): CodeIgniter\Boot::runCodeIgniter(Object(CodeIgniter\CodeIgniter))
 9 FCPATH\index.php(56): CodeIgniter\Boot::bootWeb(Object(Config\Paths))
INFO - 2024-08-26 00:19:36 --> Session: Class initialized using 'CodeIgniter\Session\Handlers\FileHandler' driver.
INFO - 2024-08-26 00:19:42 --> Session: Class initialized using 'CodeIgniter\Session\Handlers\FileHandler' driver.
CRITICAL - 2024-08-26 00:19:42 --> CodeIgniter\Validation\Exceptions\ValidationException: "checkBannedWords" is not a valid rule.
[Method: POST, Route: auth/register]
in SYSTEMPATH\Validation\Validation.php on line 345.
 1 SYSTEMPATH\Validation\Validation.php(345): CodeIgniter\Validation\Exceptions\ValidationException::forRuleNotFound('checkBannedWords')
 2 SYSTEMPATH\Validation\Validation.php(201): CodeIgniter\Validation\Validation->processRules('username', 'username', 'superuser', [...], [...], 'username')
 3 APPPATH\Controllers\Auth.php(105): CodeIgniter\Validation\Validation->run()
 4 SYSTEMPATH\CodeIgniter.php(933): App\Controllers\Auth->prosesregister()
 5 SYSTEMPATH\CodeIgniter.php(509): CodeIgniter\CodeIgniter->runController(Object(App\Controllers\Auth))
 6 SYSTEMPATH\CodeIgniter.php(355): CodeIgniter\CodeIgniter->handleRequest(null, Object(Config\Cache), false)
 7 SYSTEMPATH\Boot.php(325): CodeIgniter\CodeIgniter->run()
 8 SYSTEMPATH\Boot.php(67): CodeIgniter\Boot::runCodeIgniter(Object(CodeIgniter\CodeIgniter))
 9 FCPATH\index.php(56): CodeIgniter\Boot::bootWeb(Object(Config\Paths))
INFO - 2024-08-26 00:22:14 --> Session: Class initialized using 'CodeIgniter\Session\Handlers\FileHandler' driver.
INFO - 2024-08-26 00:22:16 --> Session: Class initialized using 'CodeIgniter\Session\Handlers\FileHandler' driver.
INFO - 2024-08-26 00:22:25 --> Session: Class initialized using 'CodeIgniter\Session\Handlers\FileHandler' driver.
INFO - 2024-08-26 00:22:26 --> Session: Class initialized using 'CodeIgniter\Session\Handlers\FileHandler' driver.
INFO - 2024-08-26 00:27:56 --> Session: Class initialized using 'CodeIgniter\Session\Handlers\FileHandler' driver.
INFO - 2024-08-26 00:28:03 --> Session: Class initialized using 'CodeIgniter\Session\Handlers\FileHandler' driver.
INFO - 2024-08-26 00:28:03 --> Session: Class initialized using 'CodeIgniter\Session\Handlers\FileHandler' driver.
INFO - 2024-08-26 00:28:12 --> Session: Class initialized using 'CodeIgniter\Session\Handlers\FileHandler' driver.
INFO - 2024-08-26 00:28:16 --> Session: Class initialized using 'CodeIgniter\Session\Handlers\FileHandler' driver.
INFO - 2024-08-26 00:28:16 --> Session: Class initialized using 'CodeIgniter\Session\Handlers\FileHandler' driver.
INFO - 2024-08-26 00:28:26 --> Session: Class initialized using 'CodeIgniter\Session\Handlers\FileHandler' driver.
INFO - 2024-08-26 00:28:26 --> Session: Class initialized using 'CodeIgniter\Session\Handlers\FileHandler' driver.
INFO - 2024-08-26 00:28:28 --> Session: Class initialized using 'CodeIgniter\Session\Handlers\FileHandler' driver.
INFO - 2024-08-26 00:28:55 --> Session: Class initialized using 'CodeIgniter\Session\Handlers\FileHandler' driver.
ERROR - 2024-08-26 00:28:55 --> Email gagal dikirim ke: rulfadev@outlook.com
INFO - 2024-08-26 00:28:55 --> Session: Class initialized using 'CodeIgniter\Session\Handlers\FileHandler' driver.
CRITICAL - 2024-08-26 00:36:19 --> ErrorException: Constant expression contains invalid operations
[Method: GET, Route: emailtest]
in APPPATH\Config\Email.php on line 13.
 1 [internal function]: CodeIgniter\Debug\Exceptions->shutdownHandler()
CRITICAL - 2024-08-26 00:37:33 --> ErrorException: Constant expression contains invalid operations
[Method: GET, Route: emailtest]
in APPPATH\Config\Email.php on line 14.
 1 [internal function]: CodeIgniter\Debug\Exceptions->shutdownHandler()
CRITICAL - 2024-08-26 00:38:54 --> ErrorException: Constant expression contains invalid operations
[Method: GET, Route: emailtest]
in APPPATH\Config\Email.php on line 14.
 1 [internal function]: CodeIgniter\Debug\Exceptions->shutdownHandler()
CRITICAL - 2024-08-26 00:39:19 --> ErrorException: Constant expression contains invalid operations
[Method: GET, Route: emailtest]
in APPPATH\Config\Email.php on line 14.
 1 [internal function]: CodeIgniter\Debug\Exceptions->shutdownHandler()
CRITICAL - 2024-08-26 00:39:52 --> ErrorException: Constant expression contains invalid operations
[Method: GET, Route: emailtest]
in APPPATH\Config\Email.php on line 14.
 1 [internal function]: CodeIgniter\Debug\Exceptions->shutdownHandler()
INFO - 2024-08-26 00:42:51 --> Session: Class initialized using 'CodeIgniter\Session\Handlers\FileHandler' driver.
CRITICAL - 2024-08-26 00:47:40 --> TypeError: fsockopen(): Argument #2 ($port) must be of type int, string given
[Method: GET, Route: emailtest]
in SYSTEMPATH\Email\Email.php on line 1896.
 1 SYSTEMPATH\Email\Email.php(1896): fsockopen('smtp.office365.com', '587', null, null, 60)
 2 SYSTEMPATH\Email\Email.php(1809): CodeIgniter\Email\Email->SMTPConnect()
 3 SYSTEMPATH\Email\Email.php(1694): CodeIgniter\Email\Email->sendWithSmtp()
 4 SYSTEMPATH\Email\Email.php(1589): CodeIgniter\Email\Email->spoolEmail()
 5 APPPATH\Controllers\EmailTest.php(18): CodeIgniter\Email\Email->send()
 6 SYSTEMPATH\CodeIgniter.php(933): App\Controllers\EmailTest->index()
 7 SYSTEMPATH\CodeIgniter.php(509): CodeIgniter\CodeIgniter->runController(Object(App\Controllers\EmailTest))
 8 SYSTEMPATH\CodeIgniter.php(355): CodeIgniter\CodeIgniter->handleRequest(null, Object(Config\Cache), false)
 9 SYSTEMPATH\Boot.php(325): CodeIgniter\CodeIgniter->run()
10 SYSTEMPATH\Boot.php(67): CodeIgniter\Boot::runCodeIgniter(Object(CodeIgniter\CodeIgniter))
11 FCPATH\index.php(56): CodeIgniter\Boot::bootWeb(Object(Config\Paths))
INFO - 2024-08-26 00:49:06 --> Session: Class initialized using 'CodeIgniter\Session\Handlers\FileHandler' driver.
INFO - 2024-08-26 00:49:35 --> Session: Class initialized using 'CodeIgniter\Session\Handlers\FileHandler' driver.
INFO - 2024-08-26 00:49:53 --> Session: Class initialized using 'CodeIgniter\Session\Handlers\FileHandler' driver.
INFO - 2024-08-26 00:49:54 --> Session: Class initialized using 'CodeIgniter\Session\Handlers\FileHandler' driver.
INFO - 2024-08-26 00:50:11 --> Session: Class initialized using 'CodeIgniter\Session\Handlers\FileHandler' driver.
ERROR - 2024-08-26 00:50:13 --> Email: Unable to send email using SMTP. Your server might not be configured to send mail using this method.
ERROR - 2024-08-26 00:50:13 --> 220 SG2PR04CA0215.outlook.office365.com Microsoft ESMTP MAIL Service ready at Sun, 25 Aug 2024 17:50:11 +0000 [08DCC51519C0CA6E]

hello: 250-SG2PR04CA0215.outlook.office365.com Hello [118.96.69.215]
250-SIZE 157286400
250-PIPELINING
250-DSN
250-ENHANCEDSTATUSCODES
250-STARTTLS
250-8BITMIME
250-BINARYMIME
250-CHUNKING
250 SMTPUTF8

starttls: 220 2.0.0 SMTP server ready

hello: 250-SG2PR04CA0215.outlook.office365.com Hello [118.96.69.215]
250-SIZE 157286400
250-PIPELINING
250-DSN
250-ENHANCEDSTATUSCODES
250-AUTH LOGIN XOAUTH2
250-8BITMIME
250-BINARYMIME
250-CHUNKING
250 SMTPUTF8

from: 250 2.1.0 Sender OK

to: 250 2.1.5 Recipient OK

data: 354 Start mail input; end with <CRLF>.<CRLF>

554 5.2.252 SendAsDenied; rulfadev@outlook.com not allowed to send as your-email@outlook.com; STOREDRV.Submission.Exception:SendAsDeniedException.MapiExceptionSendAsDenied; Failed to process message due to a permanent exception with message [BeginDiagnosticData]Cannot submit message. 1.84300:0A000000, 1.84300:0A000000, 1.84300:0E000000, 1.84300:32000000, 1.116652:D8140000, 1.81836:36020000, 0.117068:56000000, 1.79180:0A000000, 1.79180:0A000000, 1.79180:0E000000, 1.79180:32000000, 1.79180:FA000000, 0.73100:
quit: 2C000000, 0.38698:47000000, 1.41134:87000000, 1.41134:47000000, 0.37692:87000000, 0.37948:47000000, 5.33852:00000000534D545000000100, 7.36354:010000000000010929B23102, 4.56248:DC040000, 7.40748:010000000000010B40000000, 7.57132:00000000000000007A000100, 4.39640:DC040000, 1.63016:32000000, 8.45434:FF7F0300F7828C0700000000000000007A000100, 1.46798:04000000, 5.10786:0000000031352E32302E373839372E3030373A545930505230334D42363832343A39326162356439362D363764342D346130302D393039622D6564306434353334653662653A39323930303A2E4E455420382E302E37001000000000, 7.51330:75FB855F2EC5DC0812000000, 0.39570:00000000, 1.55954:0A000000, 1.33010:0A000000, 2.54258:00000000, 0.40002:00000000, 1.56562:00000000, 1.33010:0A000000, 2.54258:00000000, 0.40002:00000000, 1.56562:00000000, 1.55954:0A000000, 1.33010:0A000000, 2.54258:00000000, 0.40002:00000000, 1.56562:00000000, 1.33010:0A000000, 2.54258:00000000, 0.40002:00000000, 1.56562:00000000, 1.64146:0E000000, 1.33010:0E000000, 2.54258:00000000, 1.33010:0E000000, 2.54258:00000000, 1.64146:32000000, 1.33010:32000000, 2.54258:DC040000, 1.33010:32000000, 2.54258:DC040000, 0.79500:00000000, 0.100684:00000000, 4.120460:DC040000, 1.52466:02000000, 1.52466:02000000, 1.42738:05000000, 0.37698:02000000, 1.42738:05000000, 0.37698:02000000, 1.52466:01000000, 0.60402:02000000, 1.52466:01000000[EndDiagnosticData] [Hostname=TY0PR03MB6824.apcprd03.prod.outlook.com]
221 2.0.0 Service closing transmission channel

The following SMTP error was encountered: 2C000000, 0.38698:47000000, 1.41134:87000000, 1.41134:47000000, 0.37692:87000000, 0.37948:47000000, 5.33852:00000000534D545000000100, 7.36354:010000000000010929B23102, 4.56248:DC040000, 7.40748:010000000000010B40000000, 7.57132:00000000000000007A000100, 4.39640:DC040000, 1.63016:32000000, 8.45434:FF7F0300F7828C0700000000000000007A000100, 1.46798:04000000, 5.10786:0000000031352E32302E373839372E3030373A545930505230334D42363832343A39326162356439362D363764342D346130302D393039622D6564306434353334653662653A39323930303A2E4E455420382E302E37001000000000, 7.51330:75FB855F2EC5DC0812000000, 0.39570:00000000, 1.55954:0A000000, 1.33010:0A000000, 2.54258:00000000, 0.40002:00000000, 1.56562:00000000, 1.33010:0A000000, 2.54258:00000000, 0.40002:00000000, 1.56562:00000000, 1.55954:0A000000, 1.33010:0A000000, 2.54258:00000000, 0.40002:00000000, 1.56562:00000000, 1.33010:0A000000, 2.54258:00000000, 0.40002:00000000, 1.56562:00000000, 1.64146:0E000000, 1.33010:0E000000, 2.54258:00000000, 1.33010:0E000000, 2.54258:00000000, 1.64146:32000000, 1.33010:32000000, 2.54258:DC040000, 1.33010:32000000, 2.54258:DC040000, 0.79500:00000000, 0.100684:00000000, 4.120460:DC040000, 1.52466:02000000, 1.52466:02000000, 1.42738:05000000, 0.37698:02000000, 1.42738:05000000, 0.37698:02000000, 1.52466:01000000, 0.60402:02000000, 1.52466:01000000[EndDiagnosticData] [Hostname=TY0PR03MB6824.apcprd03.prod.outlook.com]
221 2.0.0 Service closing transmission channel

The following SMTP error was encountered: 554 5.2.252 SendAsDenied; rulfadev@outlook.com not allowed to send as your-email@outlook.com; STOREDRV.Submission.Exception:SendAsDeniedException.MapiExceptionSendAsDenied; Failed to process message due to a permanent exception with message [BeginDiagnosticData]Cannot submit message. 1.84300:0A000000, 1.84300:0A000000, 1.84300:0E000000, 1.84300:32000000, 1.116652:D8140000, 1.81836:36020000, 0.117068:56000000, 1.79180:0A000000, 1.79180:0A000000, 1.79180:0E000000, 1.79180:32000000, 1.79180:FA000000, 0.73100:
ERROR - 2024-08-26 00:50:13 --> Email gagal dikirim ke: syahrulfalahbae@gmail.com
INFO - 2024-08-26 00:50:13 --> Session: Class initialized using 'CodeIgniter\Session\Handlers\FileHandler' driver.
INFO - 2024-08-26 00:51:45 --> Session: Class initialized using 'CodeIgniter\Session\Handlers\FileHandler' driver.
INFO - 2024-08-26 00:51:53 --> Session: Class initialized using 'CodeIgniter\Session\Handlers\FileHandler' driver.
INFO - 2024-08-26 00:52:05 --> Session: Class initialized using 'CodeIgniter\Session\Handlers\FileHandler' driver.
ERROR - 2024-08-26 00:52:08 --> Email: Unable to send email using SMTP. Your server might not be configured to send mail using this method.
ERROR - 2024-08-26 00:52:08 --> 220 SI2PR04CA0017.outlook.office365.com Microsoft ESMTP MAIL Service ready at Sun, 25 Aug 2024 17:52:06 +0000 [08DCC45DD97193A8]

hello: 250-SI2PR04CA0017.outlook.office365.com Hello [118.96.69.215]
250-SIZE 157286400
250-PIPELINING
250-DSN
250-ENHANCEDSTATUSCODES
250-STARTTLS
250-8BITMIME
250-BINARYMIME
250-CHUNKING
250 SMTPUTF8

starttls: 220 2.0.0 SMTP server ready

hello: 250-SI2PR04CA0017.outlook.office365.com Hello [118.96.69.215]
250-SIZE 157286400
250-PIPELINING
250-DSN
250-ENHANCEDSTATUSCODES
250-AUTH LOGIN XOAUTH2
250-8BITMIME
250-BINARYMIME
250-CHUNKING
250 SMTPUTF8

from: 250 2.1.0 Sender OK

to: 250 2.1.5 Recipient OK

data: 354 Start mail input; end with <CRLF>.<CRLF>

554 5.2.252 SendAsDenied; rulfadev@outlook.com not allowed to send as your-email@outlook.com; STOREDRV.Submission.Exception:SendAsDeniedException.MapiExceptionSendAsDenied; Failed to process message due to a permanent exception with message [BeginDiagnosticData]Cannot submit message. 1.84300:0A000000, 1.84300:0A000000, 1.84300:0E000000, 1.84300:32000000, 1.116652:10150000, 1.81836:36020000, 0.117068:56000000, 1.79180:0A000000, 1.79180:0A000000, 1.79180:0E000000, 1.79180:32000000, 1.79180:FA000000, 0.73100:
quit: 2C000000, 0.38698:05000780, 1.41134:87000000, 1.41134:47000000, 0.37692:87000000, 0.37948:47000000, 5.33852:00000000534D545000000100, 7.36354:010000000000010929B23102, 4.56248:DC040000, 7.40748:010000000000010B01000000, 7.57132:000000000000000008000000, 4.39640:DC040000, 1.63016:32000000, 8.45434:FF7F0300F7828C0700000000000000006130302D, 1.46798:04000000, 5.10786:0000000031352E32302E373839372E3030373A545930505230334D42363832343A39326162356439362D363764342D346130302D393039622D6564306434353334653662653A39323930303A2E4E455420382E302E37001000000000, 7.51330:E5D0C1A32EC5DC0812000000, 0.39570:00000000, 1.55954:0A000000, 1.33010:0A000000, 2.54258:00000000, 0.40002:00000000, 1.56562:00000000, 1.33010:0A000000, 2.54258:00000000, 0.40002:00000000, 1.56562:00000000, 1.55954:0A000000, 1.33010:0A000000, 2.54258:00000000, 0.40002:00000000, 1.56562:00000000, 1.33010:0A000000, 2.54258:00000000, 0.40002:00000000, 1.56562:00000000, 1.64146:0E000000, 1.33010:0E000000, 2.54258:00000000, 1.33010:0E000000, 2.54258:00000000, 1.64146:32000000, 1.33010:32000000, 2.54258:DC040000, 1.33010:32000000, 2.54258:DC040000, 0.79500:00000000, 0.100684:00000000, 4.120460:DC040000, 1.52466:02000000, 1.52466:02000000, 1.42738:05000000, 0.37698:02000000, 1.42738:05000000, 0.37698:02000000, 1.52466:01000000, 0.60402:02000000, 1.52466:01000000[EndDiagnosticData] [Hostname=TY0PR03MB6824.apcprd03.prod.outlook.com]
221 2.0.0 Service closing transmission channel

The following SMTP error was encountered: 2C000000, 0.38698:05000780, 1.41134:87000000, 1.41134:47000000, 0.37692:87000000, 0.37948:47000000, 5.33852:00000000534D545000000100, 7.36354:010000000000010929B23102, 4.56248:DC040000, 7.40748:010000000000010B01000000, 7.57132:000000000000000008000000, 4.39640:DC040000, 1.63016:32000000, 8.45434:FF7F0300F7828C0700000000000000006130302D, 1.46798:04000000, 5.10786:0000000031352E32302E373839372E3030373A545930505230334D42363832343A39326162356439362D363764342D346130302D393039622D6564306434353334653662653A39323930303A2E4E455420382E302E37001000000000, 7.51330:E5D0C1A32EC5DC0812000000, 0.39570:00000000, 1.55954:0A000000, 1.33010:0A000000, 2.54258:00000000, 0.40002:00000000, 1.56562:00000000, 1.33010:0A000000, 2.54258:00000000, 0.40002:00000000, 1.56562:00000000, 1.55954:0A000000, 1.33010:0A000000, 2.54258:00000000, 0.40002:00000000, 1.56562:00000000, 1.33010:0A000000, 2.54258:00000000, 0.40002:00000000, 1.56562:00000000, 1.64146:0E000000, 1.33010:0E000000, 2.54258:00000000, 1.33010:0E000000, 2.54258:00000000, 1.64146:32000000, 1.33010:32000000, 2.54258:DC040000, 1.33010:32000000, 2.54258:DC040000, 0.79500:00000000, 0.100684:00000000, 4.120460:DC040000, 1.52466:02000000, 1.52466:02000000, 1.42738:05000000, 0.37698:02000000, 1.42738:05000000, 0.37698:02000000, 1.52466:01000000, 0.60402:02000000, 1.52466:01000000[EndDiagnosticData] [Hostname=TY0PR03MB6824.apcprd03.prod.outlook.com]
221 2.0.0 Service closing transmission channel

The following SMTP error was encountered: 554 5.2.252 SendAsDenied; rulfadev@outlook.com not allowed to send as your-email@outlook.com; STOREDRV.Submission.Exception:SendAsDeniedException.MapiExceptionSendAsDenied; Failed to process message due to a permanent exception with message [BeginDiagnosticData]Cannot submit message. 1.84300:0A000000, 1.84300:0A000000, 1.84300:0E000000, 1.84300:32000000, 1.116652:10150000, 1.81836:36020000, 0.117068:56000000, 1.79180:0A000000, 1.79180:0A000000, 1.79180:0E000000, 1.79180:32000000, 1.79180:FA000000, 0.73100:
ERROR - 2024-08-26 00:52:08 --> Email gagal dikirim ke: syahrulfalahbae@gmail.com
INFO - 2024-08-26 00:52:08 --> Session: Class initialized using 'CodeIgniter\Session\Handlers\FileHandler' driver.
INFO - 2024-08-26 00:55:58 --> Session: Class initialized using 'CodeIgniter\Session\Handlers\FileHandler' driver.
INFO - 2024-08-26 00:56:00 --> Session: Class initialized using 'CodeIgniter\Session\Handlers\FileHandler' driver.
INFO - 2024-08-26 00:56:10 --> Session: Class initialized using 'CodeIgniter\Session\Handlers\FileHandler' driver.
INFO - 2024-08-26 00:56:12 --> Session: Class initialized using 'CodeIgniter\Session\Handlers\FileHandler' driver.
INFO - 2024-08-26 00:56:48 --> Session: Class initialized using 'CodeIgniter\Session\Handlers\FileHandler' driver.
INFO - 2024-08-26 00:56:49 --> Session: Class initialized using 'CodeIgniter\Session\Handlers\FileHandler' driver.
INFO - 2024-08-26 00:56:56 --> Session: Class initialized using 'CodeIgniter\Session\Handlers\FileHandler' driver.
INFO - 2024-08-26 00:56:56 --> Session: Class initialized using 'CodeIgniter\Session\Handlers\FileHandler' driver.
INFO - 2024-08-26 00:57:02 --> Session: Class initialized using 'CodeIgniter\Session\Handlers\FileHandler' driver.
INFO - 2024-08-26 00:57:02 --> Session: Class initialized using 'CodeIgniter\Session\Handlers\FileHandler' driver.
INFO - 2024-08-26 00:57:07 --> Session: Class initialized using 'CodeIgniter\Session\Handlers\FileHandler' driver.
INFO - 2024-08-26 00:57:07 --> Session: Class initialized using 'CodeIgniter\Session\Handlers\FileHandler' driver.
INFO - 2024-08-26 00:57:11 --> Session: Class initialized using 'CodeIgniter\Session\Handlers\FileHandler' driver.
INFO - 2024-08-26 00:57:26 --> Session: Class initialized using 'CodeIgniter\Session\Handlers\FileHandler' driver.
INFO - 2024-08-26 00:57:26 --> Session: Class initialized using 'CodeIgniter\Session\Handlers\FileHandler' driver.
INFO - 2024-08-26 00:57:33 --> Session: Class initialized using 'CodeIgniter\Session\Handlers\FileHandler' driver.
INFO - 2024-08-26 00:57:33 --> Session: Class initialized using 'CodeIgniter\Session\Handlers\FileHandler' driver.
INFO - 2024-08-26 00:57:56 --> Session: Class initialized using 'CodeIgniter\Session\Handlers\FileHandler' driver.
INFO - 2024-08-26 00:58:01 --> Session: Class initialized using 'CodeIgniter\Session\Handlers\FileHandler' driver.
INFO - 2024-08-26 00:58:01 --> Session: Class initialized using 'CodeIgniter\Session\Handlers\FileHandler' driver.
CRITICAL - 2024-08-26 00:58:01 --> CodeIgniter\View\Exceptions\ViewException: Invalid file: "user/dashboard.php"
[Method: GET, Route: dashboard]
in SYSTEMPATH\Exceptions\FrameworkException.php on line 41.
 1 SYSTEMPATH\View\View.php(222): CodeIgniter\Exceptions\FrameworkException::forInvalidFile('user/dashboard.php')
 2 SYSTEMPATH\Common.php(1169): CodeIgniter\View\View->render('user/dashboard', [], true)
 3 APPPATH\Controllers\User.php(31): view('user/dashboard', [...])
 4 SYSTEMPATH\CodeIgniter.php(933): App\Controllers\User->dashboard()
 5 SYSTEMPATH\CodeIgniter.php(509): CodeIgniter\CodeIgniter->runController(Object(App\Controllers\User))
 6 SYSTEMPATH\CodeIgniter.php(355): CodeIgniter\CodeIgniter->handleRequest(null, Object(Config\Cache), false)
 7 SYSTEMPATH\Boot.php(325): CodeIgniter\CodeIgniter->run()
 8 SYSTEMPATH\Boot.php(67): CodeIgniter\Boot::runCodeIgniter(Object(CodeIgniter\CodeIgniter))
 9 FCPATH\index.php(56): CodeIgniter\Boot::bootWeb(Object(Config\Paths))
INFO - 2024-08-26 00:58:04 --> Session: Class initialized using 'CodeIgniter\Session\Handlers\FileHandler' driver.
CRITICAL - 2024-08-26 00:58:04 --> CodeIgniter\View\Exceptions\ViewException: Invalid file: "user/dashboard.php"
[Method: GET, Route: dashboard]
in SYSTEMPATH\Exceptions\FrameworkException.php on line 41.
 1 SYSTEMPATH\View\View.php(222): CodeIgniter\Exceptions\FrameworkException::forInvalidFile('user/dashboard.php')
 2 SYSTEMPATH\Common.php(1169): CodeIgniter\View\View->render('user/dashboard', [], true)
 3 APPPATH\Controllers\User.php(31): view('user/dashboard', [...])
 4 SYSTEMPATH\CodeIgniter.php(933): App\Controllers\User->dashboard()
 5 SYSTEMPATH\CodeIgniter.php(509): CodeIgniter\CodeIgniter->runController(Object(App\Controllers\User))
 6 SYSTEMPATH\CodeIgniter.php(355): CodeIgniter\CodeIgniter->handleRequest(null, Object(Config\Cache), false)
 7 SYSTEMPATH\Boot.php(325): CodeIgniter\CodeIgniter->run()
 8 SYSTEMPATH\Boot.php(67): CodeIgniter\Boot::runCodeIgniter(Object(CodeIgniter\CodeIgniter))
 9 FCPATH\index.php(56): CodeIgniter\Boot::bootWeb(Object(Config\Paths))
INFO - 2024-08-26 00:58:10 --> Session: Class initialized using 'CodeIgniter\Session\Handlers\FileHandler' driver.
INFO - 2024-08-26 00:58:10 --> Session: Class initialized using 'CodeIgniter\Session\Handlers\FileHandler' driver.
INFO - 2024-08-26 00:58:12 --> Session: Class initialized using 'CodeIgniter\Session\Handlers\FileHandler' driver.
INFO - 2024-08-26 00:58:13 --> Session: Class initialized using 'CodeIgniter\Session\Handlers\FileHandler' driver.
